11-01-2025 15:39:49.098 [Gauge] [DEBUG] Api Request Received: messageType:GetStepValueRequest  messageId:4  stepValueRequest:{stepText:"* Elementine tıkla \"username\""}
11-01-2025 15:39:49.098 [Gauge] [DEBUG] Sending API response: messageType:GetStepValueResponse  messageId:4  stepValueResponse:{stepValue:{stepValue:"* Elementine tıkla {}"  parameterizedStepValue:"* Elementine tıkla <username>"  parameters:"username"}}
11-01-2025 15:39:49.102 [Gauge] [DEBUG] Api Request Received: messageType:GetStepValueRequest  messageId:4  stepValueRequest:{stepText:"* \"Bozkurt\" textini \"username\" elemente yaz"}
11-01-2025 15:39:49.102 [Gauge] [DEBUG] Sending API response: messageType:GetStepValueResponse  messageId:4  stepValueResponse:{stepValue:{stepValue:"* {} textini {} elemente yaz"  parameterizedStepValue:"* <Bozkurt> textini <username> elemente yaz"  parameters:"Bozkurt"  parameters:"username"}}
11-01-2025 15:39:49.102 [Gauge] [DEBUG] Api Request Received: messageType:GetStepValueRequest  messageId:4  stepValueRequest:{stepText:"* Elementine tıkla \"password\""}
11-01-2025 15:39:49.102 [Gauge] [DEBUG] Sending API response: messageType:GetStepValueResponse  messageId:4  stepValueResponse:{stepValue:{stepValue:"* Elementine tıkla {}"  parameterizedStepValue:"* Elementine tıkla <password>"  parameters:"password"}}
11-01-2025 15:39:49.102 [Gauge] [DEBUG] Api Request Received: messageType:GetStepValueRequest  messageId:4  stepValueRequest:{stepText:"* \"555Eboz.\" textini \"password\" elemente yaz"}
11-01-2025 15:39:49.102 [Gauge] [DEBUG] Sending API response: messageType:GetStepValueResponse  messageId:4  stepValueResponse:{stepValue:{stepValue:"* {} textini {} elemente yaz"  parameterizedStepValue:"* <555Eboz.> textini <password> elemente yaz"  parameters:"555Eboz."  parameters:"password"}}
11-01-2025 15:39:49.102 [Gauge] [DEBUG] Api Request Received: messageType:GetStepValueRequest  messageId:4  stepValueRequest:{stepText:"* Elementine tıkla \"loginButton\""}
11-01-2025 15:39:49.102 [Gauge] [DEBUG] Sending API response: messageType:GetStepValueResponse  messageId:4  stepValueResponse:{stepValue:{stepValue:"* Elementine tıkla {}"  parameterizedStepValue:"* Elementine tıkla <loginButton>"  parameters:"loginButton"}}
11-01-2025 15:39:49.103 [Gauge] [DEBUG] Api Request Received: messageType:GetStepValueRequest  messageId:4  stepValueRequest:{stepText:"* \"1\" saniye bekle"}
11-01-2025 15:39:49.103 [Gauge] [DEBUG] Sending API response: messageType:GetStepValueResponse  messageId:4  stepValueResponse:{stepValue:{stepValue:"* {} saniye bekle"  parameterizedStepValue:"* <1> saniye bekle"  parameters:"1"}}
11-01-2025 15:39:49.103 [Gauge] [DEBUG] Api Request Received: messageType:GetStepValueRequest  messageId:4  stepValueRequest:{stepText:"* Elementine tıkla \"openCalculatorButton\""}
11-01-2025 15:39:49.103 [Gauge] [DEBUG] Sending API response: messageType:GetStepValueResponse  messageId:4  stepValueResponse:{stepValue:{stepValue:"* Elementine tıkla {}"  parameterizedStepValue:"* Elementine tıkla <openCalculatorButton>"  parameters:"openCalculatorButton"}}
11-01-2025 15:39:49.103 [Gauge] [DEBUG] Api Request Received: messageType:GetStepValueRequest  messageId:4  stepValueRequest:{stepText:"* Elementine tıkla \"zeroButton\""}
11-01-2025 15:39:49.103 [Gauge] [DEBUG] Sending API response: messageType:GetStepValueResponse  messageId:4  stepValueResponse:{stepValue:{stepValue:"* Elementine tıkla {}"  parameterizedStepValue:"* Elementine tıkla <zeroButton>"  parameters:"zeroButton"}}
11-01-2025 15:39:49.103 [Gauge] [DEBUG] Api Request Received: messageType:GetStepValueRequest  messageId:4  stepValueRequest:{stepText:"* Elementine tıkla \"commaButton\""}
11-01-2025 15:39:49.103 [Gauge] [DEBUG] Sending API response: messageType:GetStepValueResponse  messageId:4  stepValueResponse:{stepValue:{stepValue:"* Elementine tıkla {}"  parameterizedStepValue:"* Elementine tıkla <commaButton>"  parameters:"commaButton"}}
11-01-2025 15:39:49.103 [Gauge] [DEBUG] Api Request Received: messageType:GetStepValueRequest  messageId:4  stepValueRequest:{stepText:"* Elementine tıkla \"oneButton\""}
11-01-2025 15:39:49.103 [Gauge] [DEBUG] Sending API response: messageType:GetStepValueResponse  messageId:4  stepValueResponse:{stepValue:{stepValue:"* Elementine tıkla {}"  parameterizedStepValue:"* Elementine tıkla <oneButton>"  parameters:"oneButton"}}
11-01-2025 15:39:49.103 [Gauge] [DEBUG] Api Request Received: messageType:GetStepValueRequest  messageId:4  stepValueRequest:{stepText:"* Elementine tıkla \"twoButton\""}
11-01-2025 15:39:49.103 [Gauge] [DEBUG] Sending API response: messageType:GetStepValueResponse  messageId:4  stepValueResponse:{stepValue:{stepValue:"* Elementine tıkla {}"  parameterizedStepValue:"* Elementine tıkla <twoButton>"  parameters:"twoButton"}}
11-01-2025 15:39:49.104 [Gauge] [DEBUG] Api Request Received: messageType:GetStepValueRequest  messageId:4  stepValueRequest:{stepText:"* Elementine tıkla \"sixButton\""}
11-01-2025 15:39:49.104 [Gauge] [DEBUG] Sending API response: messageType:GetStepValueResponse  messageId:4  stepValueResponse:{stepValue:{stepValue:"* Elementine tıkla {}"  parameterizedStepValue:"* Elementine tıkla <sixButton>"  parameters:"sixButton"}}
11-01-2025 15:39:49.104 [Gauge] [DEBUG] Api Request Received: messageType:GetStepValueRequest  messageId:4  stepValueRequest:{stepText:"* Elementine tıkla \"eightButton\""}
11-01-2025 15:39:49.104 [Gauge] [DEBUG] Sending API response: messageType:GetStepValueResponse  messageId:4  stepValueResponse:{stepValue:{stepValue:"* Elementine tıkla {}"  parameterizedStepValue:"* Elementine tıkla <eightButton>"  parameters:"eightButton"}}
11-01-2025 15:39:49.104 [Gauge] [DEBUG] Api Request Received: messageType:GetStepValueRequest  messageId:4  stepValueRequest:{stepText:"* Elementine tıkla \"fiveButton\""}
11-01-2025 15:39:49.104 [Gauge] [DEBUG] Sending API response: messageType:GetStepValueResponse  messageId:4  stepValueResponse:{stepValue:{stepValue:"* Elementine tıkla {}"  parameterizedStepValue:"* Elementine tıkla <fiveButton>"  parameters:"fiveButton"}}
11-01-2025 15:39:49.104 [Gauge] [DEBUG] Api Request Received: messageType:GetStepValueRequest  messageId:4  stepValueRequest:{stepText:"* Elementine tıkla \"nineButton\""}
11-01-2025 15:39:49.104 [Gauge] [DEBUG] Sending API response: messageType:GetStepValueResponse  messageId:4  stepValueResponse:{stepValue:{stepValue:"* Elementine tıkla {}"  parameterizedStepValue:"* Elementine tıkla <nineButton>"  parameters:"nineButton"}}
11-01-2025 15:39:49.105 [Gauge] [DEBUG] Api Request Received: messageType:GetStepValueRequest  messageId:4  stepValueRequest:{stepText:"* Elementine tıkla \"threeButton\""}
11-01-2025 15:39:49.105 [Gauge] [DEBUG] Sending API response: messageType:GetStepValueResponse  messageId:4  stepValueResponse:{stepValue:{stepValue:"* Elementine tıkla {}"  parameterizedStepValue:"* Elementine tıkla <threeButton>"  parameters:"threeButton"}}
11-01-2025 15:39:49.106 [Gauge] [DEBUG] Api Request Received: messageType:GetStepValueRequest  messageId:4  stepValueRequest:{stepText:"* Elementine tıkla \"fourButton\""}
11-01-2025 15:39:49.106 [Gauge] [DEBUG] Sending API response: messageType:GetStepValueResponse  messageId:4  stepValueResponse:{stepValue:{stepValue:"* Elementine tıkla {}"  parameterizedStepValue:"* Elementine tıkla <fourButton>"  parameters:"fourButton"}}
11-01-2025 15:39:49.106 [Gauge] [DEBUG] Api Request Received: messageType:GetStepValueRequest  messageId:4  stepValueRequest:{stepText:"* Elementine tıkla \"sevenButton\""}
11-01-2025 15:39:49.106 [Gauge] [DEBUG] Sending API response: messageType:GetStepValueResponse  messageId:4  stepValueResponse:{stepValue:{stepValue:"* Elementine tıkla {}"  parameterizedStepValue:"* Elementine tıkla <sevenButton>"  parameters:"sevenButton"}}
11-01-2025 15:39:49.107 [Gauge] [DEBUG] Api Request Received: messageType:GetStepValueRequest  messageId:4  stepValueRequest:{stepText:"* Elementine tıkla \"multipleButton\""}
11-01-2025 15:39:49.107 [Gauge] [DEBUG] Sending API response: messageType:GetStepValueResponse  messageId:4  stepValueResponse:{stepValue:{stepValue:"* Elementine tıkla {}"  parameterizedStepValue:"* Elementine tıkla <multipleButton>"  parameters:"multipleButton"}}
11-01-2025 15:39:49.107 [Gauge] [DEBUG] Api Request Received: messageType:GetStepValueRequest  messageId:4  stepValueRequest:{stepText:"* 1,01 değeri yazılır"}
11-01-2025 15:39:49.107 [Gauge] [DEBUG] Sending API response: messageType:GetStepValueResponse  messageId:4  stepValueResponse:{stepValue:{stepValue:"* 1,01 değeri yazılır"  parameterizedStepValue:"* 1,01 değeri yazılır"}}
11-01-2025 15:39:49.107 [Gauge] [DEBUG] Api Request Received: messageType:GetStepValueRequest  messageId:4  stepValueRequest:{stepText:"* Elementine tıkla \"equalButton\""}
11-01-2025 15:39:49.107 [Gauge] [DEBUG] Sending API response: messageType:GetStepValueResponse  messageId:4  stepValueResponse:{stepValue:{stepValue:"* Elementine tıkla {}"  parameterizedStepValue:"* Elementine tıkla <equalButton>"  parameters:"equalButton"}}
11-01-2025 15:40:06.524 [Gauge] [DEBUG] Api Request Received: messageType:GetStepValueRequest  messageId:4  stepValueRequest:{stepText:"Elementine tıkla \"username\""}
11-01-2025 15:40:06.524 [Gauge] [DEBUG] Sending API response: messageType:GetStepValueResponse  messageId:4  stepValueResponse:{stepValue:{stepValue:"Elementine tıkla {}"  parameterizedStepValue:"Elementine tıkla <username>"  parameters:"username"}}
11-01-2025 15:40:06.529 [Gauge] [DEBUG] Api Request Received: messageType:GetStepValueRequest  messageId:4  stepValueRequest:{stepText:"\"Bozkurt\" textini \"username\" elemente yaz"}
11-01-2025 15:40:06.529 [Gauge] [DEBUG] Sending API response: messageType:GetStepValueResponse  messageId:4  stepValueResponse:{stepValue:{stepValue:"{} textini {} elemente yaz"  parameterizedStepValue:"<Bozkurt> textini <username> elemente yaz"  parameters:"Bozkurt"  parameters:"username"}}
11-01-2025 15:40:06.593 [Gauge] [DEBUG] Api Request Received: messageType:GetStepValueRequest  messageId:4  stepValueRequest:{stepText:"Elementine tıkla \"password\""}
11-01-2025 15:40:06.593 [Gauge] [DEBUG] Sending API response: messageType:GetStepValueResponse  messageId:4  stepValueResponse:{stepValue:{stepValue:"Elementine tıkla {}"  parameterizedStepValue:"Elementine tıkla <password>"  parameters:"password"}}
11-01-2025 15:40:06.594 [Gauge] [DEBUG] Api Request Received: messageType:GetStepValueRequest  messageId:4  stepValueRequest:{stepText:"\"555Eboz.\" textini \"password\" elemente yaz"}
11-01-2025 15:40:06.594 [Gauge] [DEBUG] Sending API response: messageType:GetStepValueResponse  messageId:4  stepValueResponse:{stepValue:{stepValue:"{} textini {} elemente yaz"  parameterizedStepValue:"<555Eboz.> textini <password> elemente yaz"  parameters:"555Eboz."  parameters:"password"}}
11-01-2025 15:40:06.594 [Gauge] [DEBUG] Api Request Received: messageType:GetStepValueRequest  messageId:4  stepValueRequest:{stepText:"Elementine tıkla \"loginButton\""}
11-01-2025 15:40:06.594 [Gauge] [DEBUG] Sending API response: messageType:GetStepValueResponse  messageId:4  stepValueResponse:{stepValue:{stepValue:"Elementine tıkla {}"  parameterizedStepValue:"Elementine tıkla <loginButton>"  parameters:"loginButton"}}
11-01-2025 15:40:06.594 [Gauge] [DEBUG] Api Request Received: messageType:GetStepValueRequest  messageId:4  stepValueRequest:{stepText:"Elementine tıkla \"openCalculatorButton\""}
11-01-2025 15:40:06.594 [Gauge] [DEBUG] Sending API response: messageType:GetStepValueResponse  messageId:4  stepValueResponse:{stepValue:{stepValue:"Elementine tıkla {}"  parameterizedStepValue:"Elementine tıkla <openCalculatorButton>"  parameters:"openCalculatorButton"}}
11-01-2025 15:40:06.595 [Gauge] [DEBUG] Api Request Received: messageType:GetStepValueRequest  messageId:4  stepValueRequest:{stepText:"Elementine tıkla \"commaButton\""}
11-01-2025 15:40:06.595 [Gauge] [DEBUG] Sending API response: messageType:GetStepValueResponse  messageId:4  stepValueResponse:{stepValue:{stepValue:"Elementine tıkla {}"  parameterizedStepValue:"Elementine tıkla <commaButton>"  parameters:"commaButton"}}
11-01-2025 15:40:06.595 [Gauge] [DEBUG] Api Request Received: messageType:GetStepValueRequest  messageId:4  stepValueRequest:{stepText:"Elementine tıkla \"twoButton\""}
11-01-2025 15:40:06.595 [Gauge] [DEBUG] Sending API response: messageType:GetStepValueResponse  messageId:4  stepValueResponse:{stepValue:{stepValue:"Elementine tıkla {}"  parameterizedStepValue:"Elementine tıkla <twoButton>"  parameters:"twoButton"}}
11-01-2025 15:40:06.595 [Gauge] [DEBUG] Api Request Received: messageType:GetStepValueRequest  messageId:4  stepValueRequest:{stepText:"Elementine tıkla \"sixButton\""}
11-01-2025 15:40:06.595 [Gauge] [DEBUG] Sending API response: messageType:GetStepValueResponse  messageId:4  stepValueResponse:{stepValue:{stepValue:"Elementine tıkla {}"  parameterizedStepValue:"Elementine tıkla <sixButton>"  parameters:"sixButton"}}
11-01-2025 15:40:06.595 [Gauge] [DEBUG] Api Request Received: messageType:GetStepValueRequest  messageId:4  stepValueRequest:{stepText:"Elementine tıkla \"eightButton\""}
11-01-2025 15:40:06.595 [Gauge] [DEBUG] Sending API response: messageType:GetStepValueResponse  messageId:4  stepValueResponse:{stepValue:{stepValue:"Elementine tıkla {}"  parameterizedStepValue:"Elementine tıkla <eightButton>"  parameters:"eightButton"}}
11-01-2025 15:40:06.596 [Gauge] [DEBUG] Api Request Received: messageType:GetStepValueRequest  messageId:4  stepValueRequest:{stepText:"Elementine tıkla \"nineButton\""}
11-01-2025 15:40:06.596 [Gauge] [DEBUG] Sending API response: messageType:GetStepValueResponse  messageId:4  stepValueResponse:{stepValue:{stepValue:"Elementine tıkla {}"  parameterizedStepValue:"Elementine tıkla <nineButton>"  parameters:"nineButton"}}
11-01-2025 15:40:06.596 [Gauge] [DEBUG] Api Request Received: messageType:GetStepValueRequest  messageId:4  stepValueRequest:{stepText:"Elementine tıkla \"threeButton\""}
11-01-2025 15:40:06.596 [Gauge] [DEBUG] Sending API response: messageType:GetStepValueResponse  messageId:4  stepValueResponse:{stepValue:{stepValue:"Elementine tıkla {}"  parameterizedStepValue:"Elementine tıkla <threeButton>"  parameters:"threeButton"}}
11-01-2025 15:40:06.597 [Gauge] [DEBUG] Api Request Received: messageType:GetStepValueRequest  messageId:4  stepValueRequest:{stepText:"Elementine tıkla \"fourButton\""}
11-01-2025 15:40:06.597 [Gauge] [DEBUG] Sending API response: messageType:GetStepValueResponse  messageId:4  stepValueResponse:{stepValue:{stepValue:"Elementine tıkla {}"  parameterizedStepValue:"Elementine tıkla <fourButton>"  parameters:"fourButton"}}
11-01-2025 15:40:06.599 [Gauge] [DEBUG] Api Request Received: messageType:GetStepValueRequest  messageId:4  stepValueRequest:{stepText:"Elementine tıkla \"sevenButton\""}
11-01-2025 15:40:06.599 [Gauge] [DEBUG] Sending API response: messageType:GetStepValueResponse  messageId:4  stepValueResponse:{stepValue:{stepValue:"Elementine tıkla {}"  parameterizedStepValue:"Elementine tıkla <sevenButton>"  parameters:"sevenButton"}}
